
Nov 10 14:49:38 SLIStartup [Info]: 
    Using SLIDATADIR=/home/perser/workspace/nest-2.10.0/build/share/nest

Nov 10 14:49:38 SLIStartup [Info]: 
    Using SLIDOCDIR=/home/perser/workspace/nest-2.10.0/build/share/doc/nest
SLI v2.10.0 (C) 2004 The NEST Initiative
Generating on-line help pages for NEST ...

Nov 10 14:49:38 :makeallhelp [Info]: 
    Processing directory /home/perser/workspace/nest-2.10.0/libnestutil

Nov 10 14:49:38 :makeallhelp [Error]: 
    Documentation error in file 
    /home/perser/workspace/nest-2.10.0/libnestutil/.

Nov 10 14:49:38 raiserror [Error]: BadErrorHandler
    : The error handler of a stopped context contained itself an error.

Nov 10 14:49:38 :makeallhelp [Info]: 
    Processing directory /home/perser/workspace/nest-2.10.0/sli

Nov 10 14:49:38 :makeallhelp [Info]: 
    Processing directory /home/perser/workspace/nest-2.10.0/librandom

Nov 10 14:49:38 :makeallhelp [Info]: 
    Processing directory /home/perser/workspace/nest-2.10.0/lib

Nov 10 14:49:38 :makeallhelp [Info]: 
    Processing directory /home/perser/workspace/nest-2.10.0/lib/sli

Nov 10 14:49:39 :makeallhelp [Error]: 
    Documentation error in file 
    /home/perser/workspace/nest-2.10.0/lib/sli/nest-init.sli

Nov 10 14:49:39 makehelp [Error]: KeyName:ExpectedError
    Could not open the following file for reading: "rcsinfo".

Nov 10 14:49:39 :makeallhelp [Info]: 
    Processing directory /home/perser/workspace/nest-2.10.0/nestkernel

Nov 10 14:49:39 :makeallhelp [Error]: 
    Documentation error in file 
    /home/perser/workspace/nest-2.10.0/nestkernel/synaptic_element.cpp

Nov 10 14:49:39 ws [Error]: BadIO

Nov 10 14:49:39 :makeallhelp [Info]: 
    Processing directory /home/perser/workspace/nest-2.10.0/models

Nov 10 14:49:39 :makeallhelp [Info]: 
    Processing directory /home/perser/workspace/nest-2.10.0/models/sli

Nov 10 14:49:39 :makeallhelp [Info]: 
    Processing directory /home/perser/workspace/nest-2.10.0/precise

Nov 10 14:49:39 :makeallhelp [Info]: 
    Processing directory /home/perser/workspace/nest-2.10.0/topology

Nov 10 14:49:39 :makeallhelp [Info]: 
    Processing directory /home/perser/workspace/nest-2.10.0/topology/sli

Nov 10 14:49:39 :makeallhelp [Info]: 
    Processing directory /home/perser/workspace/nest-2.10.0/nest

Nov 10 14:49:39 SLI [Warning]: 
    Dead Link to  in correlospinmatrix_detector

Nov 10 14:49:39 SLI [Warning]: 
    Dead Link to testsuite::test_iaf in iaf_neuron

Nov 10 14:49:39 SLI [Warning]: 
    Dead Link to  in music_cont_out_proxy

Nov 10 14:49:39 SLI [Warning]: 
    Dead Link to  in pp_psc_delta

Nov 10 14:49:39 SLI [Warning]: 
    Dead Link to testsuite::test_sli_neuron in sli_neuron

Nov 10 14:49:39 SLI [Warning]: 
    Dead Link to testsuite::test_spike_generator in spike_generator

Nov 10 14:49:39 SLI [Warning]: 
    Dead Link to  in tsodyks_synapse_hom

Nov 10 14:49:39 SLI [Warning]: 
    Dead Link to testsuite::test_lambertw in LambertW0

Nov 10 14:49:39 SLI [Warning]: 
    Dead Link to testsuite::test_lambertw in LambertW

Nov 10 14:49:39 SLI [Warning]: 
    Dead Link to testsuite::test_lambertw in LambertWm1

Nov 10 14:49:39 SLI [Warning]: 
    Dead Link to testsuite::test_iaf in unittest::ToUnitTestPrecision
Done.

Nov 10 14:49:39 SLIStartup [Info]: 
    Using SLIDATADIR=/home/perser/workspace/nest-2.10.0/build/share/nest

Nov 10 14:49:39 SLIStartup [Info]: 
    Using SLIDOCDIR=/home/perser/workspace/nest-2.10.0/build/share/doc/nest
SLI v2.10.0 (C) 2004 The NEST Initiative
Generating on-line help pages for NEST ...

Nov 10 14:49:39 :makeallhelp [Info]: 
    Processing directory 
    /home/perser/workspace/nest-2.10.0/testsuite/selftests

Nov 10 14:49:39 :makeallhelp [Error]: 
    Documentation error in file 
    /home/perser/workspace/nest-2.10.0/testsuite/selftests/.

Nov 10 14:49:39 raiserror [Error]: BadErrorHandler
    : The error handler of a stopped context contained itself an error.

Nov 10 14:49:39 SLI [Warning]: 
    Dead Link to  in correlospinmatrix_detector

Nov 10 14:49:39 SLI [Warning]: 
    Dead Link to testsuite::test_iaf in iaf_neuron

Nov 10 14:49:39 SLI [Warning]: 
    Dead Link to  in music_cont_out_proxy

Nov 10 14:49:39 SLI [Warning]: 
    Dead Link to  in pp_psc_delta

Nov 10 14:49:39 SLI [Warning]: 
    Dead Link to testsuite::test_sli_neuron in sli_neuron

Nov 10 14:49:39 SLI [Warning]: 
    Dead Link to testsuite::test_spike_generator in spike_generator

Nov 10 14:49:39 SLI [Warning]: 
    Dead Link to  in tsodyks_synapse_hom

Nov 10 14:49:40 SLI [Warning]: 
    Dead Link to testsuite::test_lambertw in LambertW0

Nov 10 14:49:40 SLI [Warning]: 
    Dead Link to testsuite::test_lambertw in LambertW

Nov 10 14:49:40 SLI [Warning]: 
    Dead Link to testsuite::test_lambertw in LambertWm1

Nov 10 14:49:40 SLI [Warning]: 
    Dead Link to testsuite::test_iaf in unittest::ToUnitTestPrecision
Done.

Nov 10 14:49:40 SLIStartup [Info]: 
    Using SLIDATADIR=/home/perser/workspace/nest-2.10.0/build/share/nest

Nov 10 14:49:40 SLIStartup [Info]: 
    Using SLIDOCDIR=/home/perser/workspace/nest-2.10.0/build/share/doc/nest
SLI v2.10.0 (C) 2004 The NEST Initiative
Generating on-line help pages for NEST ...

Nov 10 14:49:40 :makeallhelp [Info]: 
    Processing directory 
    /home/perser/workspace/nest-2.10.0/testsuite/unittests

Nov 10 14:49:40 :makeallhelp [Error]: 
    Documentation error in file 
    /home/perser/workspace/nest-2.10.0/testsuite/unittests/.

Nov 10 14:49:40 raiserror [Error]: BadErrorHandler
    : The error handler of a stopped context contained itself an error.

Nov 10 14:49:40 :makeallhelp [Error]: 
    Documentation error in file 
    /home/perser/workspace/nest-2.10.0/testsuite/unittests/test_common_props_setting.sli

Nov 10 14:49:40 ws [Error]: BadIO
    Could not open the following file for reading: "rcsinfo".

Nov 10 14:49:40 :makeallhelp [Error]: 
    Documentation error in file 
    /home/perser/workspace/nest-2.10.0/testsuite/unittests/test_convergent_connect.sli

Nov 10 14:49:40 ws [Error]: BadIO

Nov 10 14:49:40 :makeallhelp [Error]: 
    Documentation error in file 
    /home/perser/workspace/nest-2.10.0/testsuite/unittests/test_divergent_connect.sli

Nov 10 14:49:40 ws [Error]: BadIO

Nov 10 14:49:40 :makeallhelp [Error]: 
    Documentation error in file 
    /home/perser/workspace/nest-2.10.0/testsuite/unittests/test_iaf_min_delay_create.sli

Nov 10 14:49:40 ws [Error]: BadIO

Nov 10 14:49:40 :makeallhelp [Error]: 
    Documentation error in file 
    /home/perser/workspace/nest-2.10.0/testsuite/unittests/test_iaf_min_delay_set.sli

Nov 10 14:49:40 ws [Error]: BadIO

Nov 10 14:49:40 :makeallhelp [Error]: 
    Documentation error in file 
    /home/perser/workspace/nest-2.10.0/testsuite/unittests/test_multimeter.sli

Nov 10 14:49:40 ws [Error]: BadIO

Nov 10 14:49:40 :makeallhelp [Error]: 
    Documentation error in file 
    /home/perser/workspace/nest-2.10.0/testsuite/unittests/test_multiple_multimeter.sli

Nov 10 14:49:40 ws [Error]: BadIO

Nov 10 14:49:40 :makeallhelp [Error]: 
    Documentation error in file 
    /home/perser/workspace/nest-2.10.0/testsuite/unittests/test_poisson_generator_campbell_alpha.sli

Nov 10 14:49:40 ws [Error]: BadIO

Nov 10 14:49:40 :makeallhelp [Error]: 
    Documentation error in file 
    /home/perser/workspace/nest-2.10.0/testsuite/unittests/test_psp_amplitude_consistency.sli

Nov 10 14:49:40 ws [Error]: BadIO

Nov 10 14:49:40 :makeallhelp [Error]: 
    Documentation error in file 
    /home/perser/workspace/nest-2.10.0/testsuite/unittests/test_random_convergent_connect.sli

Nov 10 14:49:40 ws [Error]: BadIO

Nov 10 14:49:40 :makeallhelp [Error]: 
    Documentation error in file 
    /home/perser/workspace/nest-2.10.0/testsuite/unittests/test_random_divergent_connect.sli

Nov 10 14:49:40 ws [Error]: BadIO

Nov 10 14:49:40 :makeallhelp [Error]: 
    Documentation error in file 
    /home/perser/workspace/nest-2.10.0/testsuite/unittests/test_sinusoidal_gamma_generator.sli

Nov 10 14:49:40 ws [Error]: BadIO

Nov 10 14:49:40 :makeallhelp [Error]: 
    Documentation error in file 
    /home/perser/workspace/nest-2.10.0/testsuite/unittests/test_sinusoidal_poisson_generator.sli

Nov 10 14:49:40 ws [Error]: BadIO

Nov 10 14:49:40 :makeallhelp [Error]: 
    Documentation error in file 
    /home/perser/workspace/nest-2.10.0/testsuite/unittests/test_spike_poisson_ps_base2.sli

Nov 10 14:49:40 makehelp [Error]: MissingObligatoryMinusAfterCommandNameError

Nov 10 14:49:40 SLI [Warning]: 
    Dead Link to  in correlospinmatrix_detector

Nov 10 14:49:40 SLI [Warning]: 
    Dead Link to  in music_cont_out_proxy

Nov 10 14:49:40 SLI [Warning]: 
    Dead Link to  in pp_psc_delta

Nov 10 14:49:40 SLI [Warning]: 
    Dead Link to  in tsodyks_synapse_hom

Nov 10 14:49:40 SLI [Warning]: 
    Dead Link to testsuite::test_sinusoidal_gamma_generator_1 in 
    testsuite::test_sinusoidal_gamma_generator

Nov 10 14:49:40 SLI [Warning]: 
    Dead Link to testsuite::test_sinusoidal_poisson_generator_1 in 
    testsuite::test_sinusoidal_poisson_generator

Nov 10 14:49:40 SLI [Warning]: 
    Dead Link to testsuite::ticket-452 in testsuite::test_steppedsim
Done.

Nov 10 14:49:40 SLIStartup [Info]: 
    Using SLIDATADIR=/home/perser/workspace/nest-2.10.0/build/share/nest

Nov 10 14:49:40 SLIStartup [Info]: 
    Using SLIDOCDIR=/home/perser/workspace/nest-2.10.0/build/share/doc/nest
SLI v2.10.0 (C) 2004 The NEST Initiative
Generating on-line help pages for NEST ...

Nov 10 14:49:40 :makeallhelp [Info]: 
    Processing directory 
    /home/perser/workspace/nest-2.10.0/testsuite/regressiontests

Nov 10 14:49:40 :makeallhelp [Error]: 
    Documentation error in file 
    /home/perser/workspace/nest-2.10.0/testsuite/regressiontests/.

Nov 10 14:49:40 raiserror [Error]: BadErrorHandler
    : The error handler of a stopped context contained itself an error.

Nov 10 14:49:40 :makeallhelp [Error]: 
    Documentation error in file 
    /home/perser/workspace/nest-2.10.0/testsuite/regressiontests/issue-105.sli

Nov 10 14:49:40 makehelp [Error]: MissingObligatoryMinusAfterCommandNameError
    Could not open the following file for reading: "rcsinfo".

Nov 10 14:49:40 :makeallhelp [Error]: 
    Documentation error in file 
    /home/perser/workspace/nest-2.10.0/testsuite/regressiontests/ticket-235.sli

Nov 10 14:49:40 ws [Error]: BadIO

Nov 10 14:49:40 :makeallhelp [Error]: 
    Documentation error in file 
    /home/perser/workspace/nest-2.10.0/testsuite/regressiontests/ticket-293.sli

Nov 10 14:49:40 ws [Error]: BadIO

Nov 10 14:49:40 :makeallhelp [Error]: 
    Documentation error in file 
    /home/perser/workspace/nest-2.10.0/testsuite/regressiontests/ticket-333.sli

Nov 10 14:49:40 ws [Error]: BadIO

Nov 10 14:49:40 :makeallhelp [Error]: 
    Documentation error in file 
    /home/perser/workspace/nest-2.10.0/testsuite/regressiontests/ticket-382.sli

Nov 10 14:49:40 ws [Error]: BadIO

Nov 10 14:49:40 :makeallhelp [Error]: 
    Documentation error in file 
    /home/perser/workspace/nest-2.10.0/testsuite/regressiontests/ticket-399.sli

Nov 10 14:49:40 ws [Error]: BadIO

Nov 10 14:49:40 :makeallhelp [Error]: 
    Documentation error in file 
    /home/perser/workspace/nest-2.10.0/testsuite/regressiontests/ticket-414.sli

Nov 10 14:49:40 ws [Error]: BadIO

Nov 10 14:49:40 :makeallhelp [Error]: 
    Documentation error in file 
    /home/perser/workspace/nest-2.10.0/testsuite/regressiontests/ticket-421.sli

Nov 10 14:49:40 ws [Error]: BadIO

Nov 10 14:49:40 :makeallhelp [Error]: 
    Documentation error in file 
    /home/perser/workspace/nest-2.10.0/testsuite/regressiontests/ticket-451.sli

Nov 10 14:49:40 ws [Error]: BadIO

Nov 10 14:49:40 :makeallhelp [Error]: 
    Documentation error in file 
    /home/perser/workspace/nest-2.10.0/testsuite/regressiontests/ticket-464.sli

Nov 10 14:49:40 ws [Error]: BadIO

Nov 10 14:49:40 :makeallhelp [Error]: 
    Documentation error in file 
    /home/perser/workspace/nest-2.10.0/testsuite/regressiontests/ticket-466.sli

Nov 10 14:49:40 ws [Error]: BadIO

Nov 10 14:49:40 :makeallhelp [Error]: 
    Documentation error in file 
    /home/perser/workspace/nest-2.10.0/testsuite/regressiontests/ticket-475.sli

Nov 10 14:49:40 ws [Error]: BadIO

Nov 10 14:49:40 :makeallhelp [Error]: 
    Documentation error in file 
    /home/perser/workspace/nest-2.10.0/testsuite/regressiontests/ticket-478.sli

Nov 10 14:49:40 makehelp [Error]: MissingObligatoryMinusAfterCommandNameError

Nov 10 14:49:40 :makeallhelp [Error]: 
    Documentation error in file 
    /home/perser/workspace/nest-2.10.0/testsuite/regressiontests/ticket-519.sli

Nov 10 14:49:40 ws [Error]: BadIO

Nov 10 14:49:40 :makeallhelp [Error]: 
    Documentation error in file 
    /home/perser/workspace/nest-2.10.0/testsuite/regressiontests/ticket-520.sli

Nov 10 14:49:40 ws [Error]: BadIO

Nov 10 14:49:40 :makeallhelp [Error]: 
    Documentation error in file 
    /home/perser/workspace/nest-2.10.0/testsuite/regressiontests/ticket-537.sli

Nov 10 14:49:40 ws [Error]: BadIO

Nov 10 14:49:40 :makeallhelp [Error]: 
    Documentation error in file 
    /home/perser/workspace/nest-2.10.0/testsuite/regressiontests/ticket-733.sli

Nov 10 14:49:40 ws [Error]: BadIO

Nov 10 14:49:40 :makeallhelp [Error]: 
    Documentation error in file 
    /home/perser/workspace/nest-2.10.0/testsuite/regressiontests/ticket-737.sli

Nov 10 14:49:40 makehelp [Error]: MissingObligatoryMinusAfterCommandNameError

Nov 10 14:49:40 :makeallhelp [Error]: 
    Documentation error in file 
    /home/perser/workspace/nest-2.10.0/testsuite/regressiontests/ticket-772.sli

Nov 10 14:49:40 ws [Error]: BadIO

Nov 10 14:49:40 :makeallhelp [Error]: 
    Documentation error in file 
    /home/perser/workspace/nest-2.10.0/testsuite/regressiontests/ticket-787.sli

Nov 10 14:49:40 makehelp [Error]: MissingObligatoryMinusAfterCommandNameError

Nov 10 14:49:40 :makeallhelp [Error]: 
    Documentation error in file 
    /home/perser/workspace/nest-2.10.0/testsuite/regressiontests/ticket-800.sli

Nov 10 14:49:40 makehelp [Error]: MissingObligatoryMinusAfterCommandNameError

Nov 10 14:49:40 :makeallhelp [Error]: 
    Documentation error in file 
    /home/perser/workspace/nest-2.10.0/testsuite/regressiontests/ticket-85.sli

Nov 10 14:49:40 makehelp [Error]: MissingObligatoryMinusAfterCommandNameError

Nov 10 14:49:40 :makeallhelp [Error]: 
    Documentation error in file 
    /home/perser/workspace/nest-2.10.0/testsuite/regressiontests/ticket-921.sli

Nov 10 14:49:40 makehelp [Error]: MissingObligatoryMinusAfterCommandNameError

Nov 10 14:49:40 :makeallhelp [Error]: 
    Documentation error in file 
    /home/perser/workspace/nest-2.10.0/testsuite/regressiontests/ticket-926.sli

Nov 10 14:49:40 makehelp [Error]: MissingObligatoryMinusAfterCommandNameError

Nov 10 14:49:40 :makeallhelp [Error]: 
    Documentation error in file 
    /home/perser/workspace/nest-2.10.0/testsuite/regressiontests/ticket-933.sli

Nov 10 14:49:40 makehelp [Error]: MissingObligatoryMinusAfterCommandNameError

Nov 10 14:49:40 :makeallhelp [Error]: 
    Documentation error in file 
    /home/perser/workspace/nest-2.10.0/testsuite/regressiontests/ticket-941.sli

Nov 10 14:49:40 makehelp [Error]: MissingObligatoryMinusAfterCommandNameError

Nov 10 14:49:40 :makeallhelp [Error]: 
    Documentation error in file 
    /home/perser/workspace/nest-2.10.0/testsuite/regressiontests/ticket-949.sli

Nov 10 14:49:40 makehelp [Error]: MissingObligatoryMinusAfterCommandNameError

Nov 10 14:49:40 :makeallhelp [Error]: 
    Documentation error in file 
    /home/perser/workspace/nest-2.10.0/testsuite/regressiontests/ticket-959.sli

Nov 10 14:49:40 makehelp [Error]: MissingObligatoryMinusAfterCommandNameError

Nov 10 14:49:40 SLI [Warning]: 
    Dead Link to  in correlospinmatrix_detector

Nov 10 14:49:40 SLI [Warning]: 
    Dead Link to  in music_cont_out_proxy

Nov 10 14:49:40 SLI [Warning]: 
    Dead Link to  in pp_psc_delta

Nov 10 14:49:41 SLI [Warning]: 
    Dead Link to  in tsodyks_synapse_hom

Nov 10 14:49:41 SLI [Warning]: 
    Dead Link to testsuite::test_sinusoidal_gamma_generator_1 in 
    testsuite::test_sinusoidal_gamma_generator

Nov 10 14:49:41 SLI [Warning]: 
    Dead Link to testsuite::test_sinusoidal_poisson_generator_1 in 
    testsuite::test_sinusoidal_poisson_generator
Done.

Nov 10 14:49:41 SLIStartup [Info]: 
    Using SLIDATADIR=/home/perser/workspace/nest-2.10.0/build/share/nest

Nov 10 14:49:41 SLIStartup [Info]: 
    Using SLIDOCDIR=/home/perser/workspace/nest-2.10.0/build/share/doc/nest
SLI v2.10.0 (C) 2004 The NEST Initiative
Generating on-line help pages for NEST ...

Nov 10 14:49:41 :makeallhelp [Info]: 
    Processing directory 
    /home/perser/workspace/nest-2.10.0/testsuite/manualtests

Nov 10 14:49:41 :makeallhelp [Error]: 
    Documentation error in file 
    /home/perser/workspace/nest-2.10.0/testsuite/manualtests/.

Nov 10 14:49:41 raiserror [Error]: BadErrorHandler
    : The error handler of a stopped context contained itself an error.

Nov 10 14:49:41 :makeallhelp [Error]: 
    Documentation error in file 
    /home/perser/workspace/nest-2.10.0/testsuite/manualtests/test_compare_delta.sli

Nov 10 14:49:41 ws [Error]: BadIO
    Could not open the following file for reading: "rcsinfo".

Nov 10 14:49:41 :makeallhelp [Error]: 
    Documentation error in file 
    /home/perser/workspace/nest-2.10.0/testsuite/manualtests/test_hh_cond_exp_traub.sli

Nov 10 14:49:41 ws [Error]: BadIO

Nov 10 14:49:41 :makeallhelp [Error]: 
    Documentation error in file 
    /home/perser/workspace/nest-2.10.0/testsuite/manualtests/test_spike_poisson_ps_base2_f.sli

Nov 10 14:49:41 makehelp [Error]: MissingObligatoryMinusAfterCommandNameError

Nov 10 14:49:41 :makeallhelp [Error]: 
    Documentation error in file 
    /home/perser/workspace/nest-2.10.0/testsuite/manualtests/test_spike_poisson_ps_base2_p.sli

Nov 10 14:49:41 makehelp [Error]: MissingObligatoryMinusAfterCommandNameError

Nov 10 14:49:41 SLI [Warning]: 
    Dead Link to  in correlospinmatrix_detector

Nov 10 14:49:41 SLI [Warning]: 
    Dead Link to  in music_cont_out_proxy

Nov 10 14:49:41 SLI [Warning]: 
    Dead Link to  in pp_psc_delta

Nov 10 14:49:41 SLI [Warning]: 
    Dead Link to  in tsodyks_synapse_hom

Nov 10 14:49:41 SLI [Warning]: 
    Dead Link to testsuite::test_sinusoidal_gamma_generator_1 in 
    testsuite::test_sinusoidal_gamma_generator

Nov 10 14:49:41 SLI [Warning]: 
    Dead Link to testsuite::test_sinusoidal_poisson_generator_1 in 
    testsuite::test_sinusoidal_poisson_generator
Done.

Nov 10 14:49:41 SLIStartup [Info]: 
    Using SLIDATADIR=/home/perser/workspace/nest-2.10.0/build/share/nest

Nov 10 14:49:41 SLIStartup [Info]: 
    Using SLIDOCDIR=/home/perser/workspace/nest-2.10.0/build/share/doc/nest
SLI v2.10.0 (C) 2004 The NEST Initiative
Generating on-line help pages for NEST ...

Nov 10 14:49:41 :makeallhelp [Info]: 
    Processing directory /home/perser/workspace/nest-2.10.0/testsuite/mpitests

Nov 10 14:49:41 :makeallhelp [Error]: 
    Documentation error in file 
    /home/perser/workspace/nest-2.10.0/testsuite/mpitests/.

Nov 10 14:49:41 raiserror [Error]: BadErrorHandler
    : The error handler of a stopped context contained itself an error.

Nov 10 14:49:41 :makeallhelp [Error]: 
    Documentation error in file 
    /home/perser/workspace/nest-2.10.0/testsuite/mpitests/test_gsd_distribution_threaded.sli

Nov 10 14:49:41 makehelp [Error]: MissingObligatoryMinusAfterCommandNameError
    Could not open the following file for reading: "rcsinfo".

Nov 10 14:49:41 :makeallhelp [Error]: 
    Documentation error in file 
    /home/perser/workspace/nest-2.10.0/testsuite/mpitests/test_gsd.sli

Nov 10 14:49:41 makehelp [Error]: MissingObligatoryMinusAfterCommandNameError

Nov 10 14:49:41 :makeallhelp [Error]: 
    Documentation error in file 
    /home/perser/workspace/nest-2.10.0/testsuite/mpitests/test_gsd_threaded.sli

Nov 10 14:49:41 makehelp [Error]: MissingObligatoryMinusAfterCommandNameError

Nov 10 14:49:41 SLI [Warning]: 
    Dead Link to  in correlospinmatrix_detector

Nov 10 14:49:41 SLI [Warning]: 
    Dead Link to  in music_cont_out_proxy

Nov 10 14:49:42 SLI [Warning]: 
    Dead Link to  in pp_psc_delta

Nov 10 14:49:42 SLI [Warning]: 
    Dead Link to  in tsodyks_synapse_hom
Done.

Nov 10 14:49:42 SLIStartup [Info]: 
    Using SLIDATADIR=/home/perser/workspace/nest-2.10.0/build/share/nest

Nov 10 14:49:42 SLIStartup [Info]: 
    Using SLIDOCDIR=/home/perser/workspace/nest-2.10.0/build/share/doc/nest
SLI v2.10.0 (C) 2004 The NEST Initiative
Generating on-line help pages for NEST ...

Nov 10 14:49:42 :makeallhelp [Info]: 
    Processing directory 
    /home/perser/workspace/nest-2.10.0/testsuite/mpi_selftests

Nov 10 14:49:42 :makeallhelp [Error]: 
    Documentation error in file 
    /home/perser/workspace/nest-2.10.0/testsuite/mpi_selftests/.

Nov 10 14:49:42 raiserror [Error]: BadErrorHandler
    : The error handler of a stopped context contained itself an error.

Nov 10 14:49:42 SLI [Warning]: 
    Dead Link to  in correlospinmatrix_detector

Nov 10 14:49:42 SLI [Warning]: 
    Dead Link to  in music_cont_out_proxy

Nov 10 14:49:42 SLI [Warning]: 
    Dead Link to  in pp_psc_delta

Nov 10 14:49:42 SLI [Warning]: 
    Dead Link to  in tsodyks_synapse_hom
Done.

Nov 10 14:49:42 SLIStartup [Info]: 
    Using SLIDATADIR=/home/perser/workspace/nest-2.10.0/build/share/nest

Nov 10 14:49:42 SLIStartup [Info]: 
    Using SLIDOCDIR=/home/perser/workspace/nest-2.10.0/build/share/doc/nest
SLI v2.10.0 (C) 2004 The NEST Initiative
Generating on-line help pages for NEST ...

Nov 10 14:49:42 :makeallhelp [Info]: 
    Processing directory 
    /home/perser/workspace/nest-2.10.0/testsuite/mpi_selftests/pass

Nov 10 14:49:42 :makeallhelp [Error]: 
    Documentation error in file 
    /home/perser/workspace/nest-2.10.0/testsuite/mpi_selftests/pass/.

Nov 10 14:49:42 raiserror [Error]: BadErrorHandler
    : The error handler of a stopped context contained itself an error.

Nov 10 14:49:42 :makeallhelp [Error]: 
    Documentation error in file 
    /home/perser/workspace/nest-2.10.0/testsuite/mpi_selftests/pass/test_parse_message_line.sli

Nov 10 14:49:42 makehelp [Error]: MissingObligatoryMinusAfterCommandNameError
    Could not open the following file for reading: "rcsinfo".

Nov 10 14:49:42 SLI [Warning]: 
    Dead Link to  in correlospinmatrix_detector

Nov 10 14:49:43 SLI [Warning]: 
    Dead Link to  in music_cont_out_proxy

Nov 10 14:49:43 SLI [Warning]: 
    Dead Link to  in pp_psc_delta

Nov 10 14:49:43 SLI [Warning]: 
    Dead Link to  in tsodyks_synapse_hom

Nov 10 14:49:43 SLI [Warning]: 
    Dead Link to testsuite::crash_distributed_assert_or_die in 
    testsuite::test_distributed_assert_or_die

Nov 10 14:49:43 SLI [Warning]: 
    Dead Link to testsuite::fail_distributed_assert_or_die in 
    testsuite::test_distributed_assert_or_die

Nov 10 14:49:43 SLI [Warning]: 
    Dead Link to testsuite::crash_distributed_collect_assert_or_die in 
    testsuite::test_distributed_collect_assert_or_die

Nov 10 14:49:43 SLI [Warning]: 
    Dead Link to testsuite::fail_distributed_collect_assert_or_die in 
    testsuite::test_distributed_collect_assert_or_die

Nov 10 14:49:43 SLI [Warning]: 
    Dead Link to testsuite::crash_distributed_invariant_assert_or_die in 
    testsuite::test_distributed_invariant_assert_or_die

Nov 10 14:49:43 SLI [Warning]: 
    Dead Link to testsuite::fail_distributed_invariant_assert_or_die in 
    testsuite::test_distributed_invariant_assert_or_die

Nov 10 14:49:43 SLI [Warning]: 
    Dead Link to testsuite::crash_distributed_pass_or_die in 
    testsuite::test_distributed_pass_or_die

Nov 10 14:49:43 SLI [Warning]: 
    Dead Link to testsuite::fail_distributed_pass_or_die in 
    testsuite::test_distributed_pass_or_die

Nov 10 14:49:43 SLI [Warning]: 
    Dead Link to 
    testsuite::crash_distributed_process_invariant_collect_assert_or_die in 
    testsuite::test_distributed_process_invariant_collect_assert_or_die

Nov 10 14:49:43 SLI [Warning]: 
    Dead Link to 
    testsuite::fail_distributed_process_invariant_collect_assert_or_die in 
    testsuite::test_distributed_process_invariant_collect_assert_or_die

Nov 10 14:49:43 SLI [Warning]: 
    Dead Link to 
    testsuite::crash_distributed_process_invariant_events_assert_or_die in 
    testsuite::test_distributed_process_invariant_events_assert_or_die

Nov 10 14:49:43 SLI [Warning]: 
    Dead Link to 
    testsuite::fail_distributed_process_invariant_events_assert_or_die in 
    testsuite::test_distributed_process_invariant_events_assert_or_die

Nov 10 14:49:43 SLI [Warning]: 
    Dead Link to 
    testsuite::crash_distributed_rank_invariant_collect_assert_or_die in 
    testsuite::test_distributed_rank_invariant_collect_assert_or_die

Nov 10 14:49:43 SLI [Warning]: 
    Dead Link to 
    testsuite::fail_distributed_rank_invariant_collect_assert_or_die in 
    testsuite::test_distributed_rank_invariant_collect_assert_or_die
Done.

Nov 10 14:49:43 SLIStartup [Info]: 
    Using SLIDATADIR=/home/perser/workspace/nest-2.10.0/build/share/nest

Nov 10 14:49:43 SLIStartup [Info]: 
    Using SLIDOCDIR=/home/perser/workspace/nest-2.10.0/build/share/doc/nest
SLI v2.10.0 (C) 2004 The NEST Initiative
Generating on-line help pages for NEST ...

Nov 10 14:49:43 :makeallhelp [Info]: 
    Processing directory 
    /home/perser/workspace/nest-2.10.0/testsuite/mpi_selftests/fail

Nov 10 14:49:43 :makeallhelp [Error]: 
    Documentation error in file 
    /home/perser/workspace/nest-2.10.0/testsuite/mpi_selftests/fail/.

Nov 10 14:49:43 raiserror [Error]: BadErrorHandler
    : The error handler of a stopped context contained itself an error.

Nov 10 14:49:43 SLI [Warning]: 
    Dead Link to  in correlospinmatrix_detector

Nov 10 14:49:43 SLI [Warning]: 
    Dead Link to  in music_cont_out_proxy

Nov 10 14:49:43 SLI [Warning]: 
    Dead Link to  in pp_psc_delta

Nov 10 14:49:43 SLI [Warning]: 
    Dead Link to  in tsodyks_synapse_hom
Done.
